726247
576779
194123
21866
698170
553611
215718
88070
94162
525321
261060
189110
152854
562603
1033200
172950
355293
140737
262527
121907
768141
486468
620656
279144
296032
240201
461440
403010
48324
414316
906745
1170380
906786
581885
78633
447244
307445
438525
120661
216460
918834
547544
229136
198102
348064
26129
800740
257871
96015
566399
249318
274933
162300
21783
329813
727271
190746
143659
437092
487529
278151
227701
241556
238444
379592
758613
430961
307637
155510
458264
22628
737257
202409
130733
729562
825784
1282462
598727
344392
44874
517319
645895
286272
21542
801444
620948
289032
238371
234622
212709
823256
218823
252137
39224
628856
388148
373005
101982
120804
602196
252889
177419
135010
530855
512355
207775
202777
220552
221946
151988
938073
420253
318182
145370
400088
21788
576654
453954
42790
804573
836351
1175662
901098
467899
45411
529488
498346
285434
21546
251030
434884
334551
559365
479207
222519
420123
333770
228505
21715
769851
570086
272021
224552
76100
408549
479829
174306
231726
25372
759184
360377
235643
239146
258783
115696
579594
970429
448449
346343
161278
488687
153103
738088
209557
125372
883672
1057746
1150852
614831
159459
229843
459826
389262
438075
120406
163266
583620
610557
432463
215283
170394
195985
677773
327625
97725
404129
250826
514945
107165
85081
145727
238644
