1686878
1943834
2221551
1741892
2054510
1868751
2092331
2021542
757125
1660889
1918469
1857771
1989181
1905508
1937102
1921274
2034815
1364543
1007281
1379413
1029529
536524
603426
1529877
1328417
353312
533917
240731
366638
134102
520894
215846
296116
223761
1101206
1320543
277500
1404351
230937
202091
267691
224426
1582094
557706
257227
420968
694957
837291
91034
555289
265164
35184
322164
214180
35575
33922
1309615
1545973
1013055
532976
467431
1406944
583829
413806
981503
713858
112386
437723
1060132
283302
278355
285286
395104
423577
348537
53678
297365
339470
221956
435656
588517
28277
503913
429211
579336
488116
599163
379391
455775
419645
218643
305482
323696
239661
362148
289753
852909
48948
438747
307911
216710
396641
141887
302119
346135
198881
325226
420639
397809
1211398
618260
1133298
1641103
1147244
910787
670969
966480
894371
840698
1171737
1459803
664968
912967
867404
1534333
1461408
945462
1019001
1399776
733657
715261
1261712
1766180
1621517
802818
793431
874505
770042
911182
575120
559933
529212
522314
754980
86205
170635
32912
21445
3973501
