1695785
1914006
1419651
661371
845604
1815432
1511165
1207833
1600421
1209038
1746386
1155016
1144607
993381
1435354
1961415
1066711
1112904
1055190
2022095
1393170
824168
1168224
1902148
1873203
938650
1686602
924072
1771271
1761429
1197940
1596127
1541540
964109
1421970
814160
2303835
1314889
1235595
1596525
1539215
1367979
813824
1262893
1206768
1766886
1180920
718445
1519137
1341329
2077188
1008450
1432582
1061991
2091558
1536771
965992
1014638
1871897
1988984
1025115
1395055
695624
1446221
1873197
922795
587304
1581894
1799544
1384874
745953
692031
1327905
2117647
1288696
899751
1038127
1619970
1998309
1095724
1131740
672109
1368541
2008754
1020090
