1830248
1712274
1573741
1660034
1751941
1634743
1639579
1668105
1763539
1906243
1663943
1516929
1732424
1876948
1963925
1902639
1463995
85590
1850542
1907406
1857727
2033941
1780821
1984811
1982416
1592813
1578425
1761726
1490675
1470004
1534531
1440006
1449616
1258165
516400
1697179
1032592
988504
1047887
1064534
385500
1811273
1912874
2099903
1934805
1656684
1741025
1778511
1740484
538186
42783
1327381
1741423
2131978
1845703
1682573
946790
160550
1926106
1765593
1663071
1784328
2011716
1633419
1744149
1592103
1494863
42089
1989474
1851811
1837928
1600867
1508594
1767192
1411669
780168
1563863
1416498
1696428
1266145
1592880
1105272
2003050
1529372
1535022
1472429
1169054
185853
1935058
1764608
1652075
52280
574238
1839509
1627666
1712834
1161687
134572
98349
60942
1352665
1898960
1615409
1662058
2070257
1964434
1893632
1570363
1731617
1534648
1645197
1597583
0
1589778
1383246
1423878
1134388
982057
1530389
1406521
1711639
1499898
1604722
1418686
1323448
1498843
1469596
2929296
1262051
823320
1630788
1653285
1108118
319986
314200
1170272
1872910
1996032
1712499
1444878
1750724
1535658
324217
294334
637715
1809104
2114025
1139530
1161331
1270657
1360151
1913860
1745802
1549529
1583055
1554894
1807040
1643147
1687520
1488841
1603832
506908
1777996
1806512
1699325
1651266
1615913
1467179
1543989
1584898
278625
789186
2041246
1907126
1769919
1758830
1725555
1616070
914198
359111
1330783
1873911
2016086
1675670
1883776
1736225
1697582
1404053
1709306
1510145
1458301
1419998
1499017
1600883
1117768
1555995
1221702
1544374
1423292
1592353
1488366
1113745
1537271
1556640
1640530
1459964
1564930
1500900
1343964
1594814
1524779
1485238
1686846
1517916
1611087
1383242
1675297
1449754
1580529
1664950
1304781
1634898
1634275
1205717
1659168
1521352
1529112
1314543
1667636
1551353
1515457
1536508
1575185
1491648
1494334
1497451
1536601
1455652
1291211
1407366
1383233
