1118036
3655399
1335964
4044000
2587628
1974986
1415907
1390421
1511502
2407844
1129377
2319279
2595560
1281447
1828854
2246870
1521216
2303255
1351325
2935437
2708081
1813836
1083093
2217184
1301988
2595867
950120
2579036
2485476
1928701
1699702
1244197
1309970
2593119
1045967
1109782
2879904
2753467
2047762
1563106
914177
1320878
4059665
1276143
2839655
2476631
1480594
1736115
1315762
1296853
2586077
1253815
2382483
2128073
1320004
1771961
1234097
1421369
2345279
1186386
2833235
1989296
2446808
1807008
1199235
1262916
1382571
2253495
1204773
2297368
2618965
1149072
1899705
2166586
1321041
2041221
1343847
