2562483
3341167
2629981
2680196
2340400
2739020
2830653
2697930
2312045
2135027
2358210
2581374
2846838
2669424
3082459
3359685
1356731
915128
3790067
3250361
3305239
4071498
4039825
4252197
3478922
2956340
2863552
2808859
2213679
2269795
2301750
2455692
2131774
1286275
2268362
1878314
1775819
2753351
1632628
1360647
2032499
1947746
1879448
1396382
1606379
1929105
1696256
778514
2319868
1621334
1909375
1971505
2437177
590977
1335416
1352757
1575130
1638079
1698085
1856397
1964185
2171218
1882260
987522
2004949
1943803
1825942
1425540
1227149
1453220
2024458
1154836
1864754
1777384
1700987
2040177
1993119
2744435
3985466
3438244
3510745
2922625
667673
1511114
1840115
1429972
588107
1476270
2535991
2938409
2326345
612458
610044
537223
2056246
2412760
2106744
1918188
1702460
1676687
2121332
2262941
2213294
2495394
2286115
2090011
1844612
2299207
2365165
1196258
1805526
1643219
1195290
2116496
1966291
1902887
1623698
1491711
1956387
1658453
2383390
1169582
2627975
2284877
2113843
838772
757879
1145688
2007456
2586182
2621601
3107725
2835436
2227155
790891
752892
1696664
2454507
1127840
1926599
1175196
1384819
2175156
2701058
2809841
2890281
3117688
2979377
3160066
3246872
2680522
2790696
1258587
2241399
2354604
2689309
2573839
2609274
2128755
2074018
1783551
766746
1533759
2563582
2783438
2534174
2694049
3178357
2893302
1291938
923945
2054202
2539898
2912908
2536576
2395228
2484648
3350929
3954660
2494419
3110479
2846069
2413896
2615515
2621992
3136298
2261945
2626387
3167561
2858974
2378088
2151639
2485085
2381452
2437164
2773855
2891774
2610914
6095888
3091559
2768640
2899922
3032857
2303665
2179516
2677411
2164144
2247523
2322440
2646777
2513780
2667095
2518577
2643192
2531772
2287181
2366663
2451937
2178778
2714922
3489547
2899696
2875965
3842121
3730428
3527105
2258368
1901152
1729628
1814960
1043916
1247114
1878195
2121071
2234992
1159020
