0
983054
557235
261449
160568
568517
21809
1064315
143366
32982
1073787
748654
974288
1204883
866973
22801
714191
238761
145695
21656
669350
180361
128534
222053
204587
136843
433595
1578804
1520585
137620
473289
913721
175467
54702
53127
617525
152024
89448
123387
151063
1228936
158559
281295
377527
112446
58957
1076263
564307
261407
159944
24416
551682
394337
894532
80611
113667
1505650
1441740
1067940
1187619
497943
242085
706381
776371
93821
280506
435760
183197
194614
213957
155330
68574
2842547
287772
1526092
511067
930426
205963
123509
21714
116861
651069
125128
166741
65095
1714258
293663
197861
300248
279839
107987
133392
1142410
612893
209760
67803
745787
21856
986595
76257
22782
1396164
994630
1004489
1187969
715124
140062
2053322
607805
156366
21760
755941
178961
195955
213634
155318
68434
1653065
289846
1303357
2525205
253453
201257
21547
46112
701553
95238
182915
65242
1018678
299307
197332
278036
308710
73538
59939
989840
629660
264165
163388
745776
21805
975482
143596
35274
1001094
1036107
974794
1012605
835205
140087
1651716
308211
143118
21908
774511
183373
195875
210639
108330
125831
407927
1544122
145611
40155
1213713
270334
176630
72781
80909
1453712
102196
182816
64803
1055259
296252
196853
299229
286404
111558
36847
1145215
613044
210343
66804
580845
21534
1178059
144028
33702
1326251
1156851
1013206
1084991
782989
163458
681564
241742
148707
21563
790061
179680
194015
213647
155184
69199
1696274
286770
1307296
1348060
1324061
206456
123315
21668
111402
219656
31376
21894
