0
83509
189351
38764
182350
7547387
9622074
7498583
7926316
7858219
7938346
7966251
6827712
7050810
7826702
8428711
7199896
1821024
8995957
9525064
10350633
9821954
7490893
7842232
5959039
6619990
5558254
4302091
3706028
3702017
4417855
3177135
4421320
2612709
814749
1617759
46759
547876
2031250
1264229
43240
1105497
1659169
2284956
2498910
3259621
2810630
1738399
195992
1328290
795185
3777468
3936838
1118020
425863
3964075
1998874
698960
46450
384436
46398
46635
1602143
130968
46822
510913
7215749
5219192
2183258
1672420
3000918
1891190
2923103
1447726
1276286
1869059
48938
3964886
49156
1653707
746261
1015798
1449572
504271
130375
47315
2157744
85761
1324279
72226
47180
1077646
1027770
1367882
1537819
522187
2707699
257564
1022331
568977
48477
799535
541855
49624
1835027
43555
62479
1230117
639476
42566
1187944
205265
993354
529730
46220
931933
1299830
562412
3074709
2669340
3688300
4041924
266806
2615616
2077816
1742246
1097303
1413650
2273741
4401316
1646037
2849100
2848917
7123534
1352879
1405809
2656111
564327
49973
1537404
5767848
3249133
1169633
990066
677450
46034
1931871
42250
256412
60254
94127
194579
51950
383796
21293
21408
21918
21797
21962
21937
21936
21640
21858
