280436
378387
110323
57885
1067690
558207
262544
160532
296579
279749
786504
395735
33376
1095600
824517
889627
1063051
1106593
23091
889028
232713
210259
94787
64093
648980
196485
171881
284122
91942
94791
1854719
561305
1088382
580804
1100303
107692
122693
37829
47922
519270
92165
112065
64957
1064577
296356
197972
300427
280221
110760
101703
1081198
552879
262727
159862
561914
21652
1094062
146617
33975
1140548
893231
1052540
1095679
1001100
138933
744706
239799
145325
21848
621254
134663
180088
199867
206577
123707
355888
1504079
1634131
21584
1333559
258431
157956
47519
62980
608785
152593
89510
193574
66526
1151153
159960
280378
493394
60265
988836
658205
264286
163554
577376
22145
1079535
145345
33805
1096335
990841
1234375
1140494
940362
138988
1166598
790523
142318
21852
645808
267308
179035
202013
206121
122032
417548
1508623
1413581
21816
2429993
321747
178094
46756
76212
717958
162513
89461
191432
32794
1228763
160999
280712
380704
114555
60139
864706
317019
682594
141003
67091
577206
398831
990188
77922
164424
1969090
1458263
1022175
1080535
358363
619438
1096708
219167
95062
328927
500133
182272
200921
207437
122085
104697
1778929
253520
21830
480691
658489
338293
202700
21691
197941
607522
94726
168621
64901
1742397
295522
198675
301541
278696
107980
134493
1164960
612088
210509
67127
594912
21855
1193071
145428
33260
1209826
1197711
1006428
1099660
733878
205325
1674938
239184
142446
21828
718755
183503
194373
217862
155844
68681
1721227
304461
144901
59806
1081540
407990
176652
47227
87172
190068
