784728
392170
608899
635149
682775
600214
316007
1063774
1094593
831705
910838
910906
894468
865198
787654
822168
939582
1105901
558706
633989
1128077
1234917
1362548
1098637
934770
821889
721601
769806
608412
641976
603615
692537
448213
578724
593891
501759
557842
382556
163856
540212
642431
194966
468734
1111236
3198254
1890367
1397290
4995560
1086390
1754010
1106574
896123
1380461
4681859
2037506
1515451
72409
4637664
3386732
3740465
71982
405210
72563
66518
572769
117009
72581
1517482
7507376
2139156
1746397
2706446
3277980
1285148
1310667
3373889
1859668
1442591
552508
2824269
437783
418358
411882
864136
1126687
514428
82872
480348
1335897
49023
704542
92527
59192
1001855
613855
1511577
1402463
879806
1126571
645635
582643
77470
104989
764437
559102
63760
961147
56617
89084
665201
642843
67778
625665
227340
537719
552815
68198
515443
687755
584665
3282963
1612578
3733611
3143384
683234
1424348
1446617
1312552
1111656
975676
2051932
3054616
1208085
560493
1240905
2453475
8814575
899944
969295
2293329
574996
63308
1451502
4916354
2439438
614267
1229504
67367
1413654
67843
257190
62450
56593
205956
64466
489659
