1156524
1069759
1140419
3796557
873277
2194645
2163977
1386581
1790284
2024655
1242447
2307406
1137846
2294207
2056528
1357450
1853328
1964163
1139651
2372506
589379
2085541
2476917
2250406
2072516
2824637
2006264
1448698
1184439
2102869
2455390
983764
1803176
2080309
1116745
2310856
500933
2784302
1791460
2382506
1432559
1180003
1625076
1175290
3883879
1173575
3085599
1770248
2445193
1394602
1314583
1713117
1368543
2628671
972424
2747288
2020072
1832685
1691242
2043300
1196351
2052574
628258
1942766
2463067
1799506
2118972
883604
1226198
1270790
2380319
410685
3604308
1768917
2353008
1432378
1389186
1695484
1197989
2315605
