12113449
8852390
8382368
9096881
8604541
9167522
8892494
9267133
9176182
9047199
9257665
9580198
9673483
9897902
10294281
10440266
10318347
1991993
9557073
10898709
11275583
12271309
12285181
12192329
12275877
12236186
12253014
12277587
12255182
12262801
12268163
12262747
12248881
12239755
9321157
8021097
12244655
9115505
7032927
9073453
5487413
7824104
9002418
9377002
8948256
9400865
9152803
9258453
9314628
7425092
27877
6042452
11330817
11703136
11156651
12217232
9936545
27357
11662744
12281373
12267591
12218298
12245488
12239381
12286261
12243906
12261982
3929397
7384324
12233334
12249245
12260232
12280063
12248858
12276955
12267068
7019416
11397103
12214744
12255269
12261184
12238046
9546795
12248314
12254301
12277553
12217475
2868640
9199921
12273679
12279126
4045388
4031110
12062012
12285714
12217757
10460117
713338
697277
333751
11188928
12250597
12248514
12212830
12279815
12264771
12243587
12250752
12232309
12263852
12266234
12265795
12255464
12244087
12269023
12268794
6754869
12244406
12235075
12265626
12295930
12282408
12191878
12269147
12253661
12242349
12196984
12248291
12285740
7964925
12235412
12271586
12243331
2294186
1548882
4884605
9713140
10143012
10360884
10722218
11285707
11717623
3885708
1533665
2164900
9038649
8605930
6261371
8479112
7141504
16145803
9524325
9870265
10226920
10362536
10156912
10150990
10327766
10501341
10385733
5606585
10733577
12212260
12260318
12220707
12256972
12248405
12236063
12277700
8746256
1376985
8778161
12273874
12248093
12248817
12269765
12291766
12255388
5653947
2561938
12284425
12254323
12246235
12252946
12268407
12204057
12266638
12264830
12238954
12276875
12224489
12252317
12218143
12264735
12260019
12225703
12262674
12243401
12276257
12262631
12214093
12242539
12286557
12244903
12257111
12277745
12243258
12262796
12249567
12246491
12263228
12246693
12270082
12290777
12261925
12278082
12258979
12246742
12269759
12206781
12249010
12244015
12280939
12273034
12241508
12280655
12254450
12243974
12254300
12267040
12273207
12254587
12266019
12289360
12260156
12247680
12266083
12232343
12235582
12286571
10758538
449434
1031361
1968071
5353635
3474009
1691423
1368412
1542045
