397944
721422
469673
877018
1768711
835071
480896
1031894
1340833
1162713
919872
761938
470238
691199
2037156
811875
963939
1024311
186550
790475
501121
547603
781229
779285
944838
1712381
555914
1050331
1203197
1472334
649953
828588
785453
1725119
884182
1567154
1414973
1486526
693236
885686
788687
1297710
1240036
628705
715683
1398783
1322469
555635
1109770
842224
1128038
1382481
495895
724630
1019410
974165
1127326
663542
698764
765947
1703589
1055047
461909
693478
1347112
1521250
676723
978262
836858
894785
1511308
710746
449816
1089431
1233171
1268337
677220
704113
840091
1651849
1084558
475440
571775
1015186
906255
1118995
704398
1117663
762491
1920788
834696
586420
234215
