438604
362963
288748
159430
545835
458884
400300
388258
307944
257556
313058
860102
995295
218951
165347
492695
218430
167335
710328
471976
459957
393964
419262
147734
458630
401198
254166
219371
292481
207874
414752
455871
268770
289049
203552
677461
411291
470114
155220
448368
141709
542569
1246627
353044
55220
456952
362013
145549
574313
543403
539520
272890
569769
84803
391696
208560
161905
101291
209484
341640
157730
478231
476751
271828
282096
292810
532208
411417
485086
154042
435874
145537
613904
1165338
260445
57052
453209
361599
124179
733527
472706
459089
374720
514692
83403
654131
382583
136615
118587
212325
341832
157592
523202
311799
272746
283200
196217
488017
506947
366659
207614
418025
182483
721479
1176644
197800
210170
420280
218576
344378
583855
472946
485110
461285
358798
181519
500864
242856
136702
132699
363372
226460
158296
478850
314120
271261
283153
431344
496838
398910
401049
306296
294110
295058
782674
1058388
147215
266730
341058
218133
411666
514203
458326
447850
614617
288916
163741
322766
356037
84049
159547
