695178
794664
602795
610163
588226
1377887
621949
665196
660165
710942
689722
229186
694615
713137
875041
625489
502676
536679
317387
461924
407602
311415
176748
215944
222774
129404
283985
229987
286827
158665
120195
138050
125430
230012
46602
99475
107112
260725
160390
191835
438245
132928
77612
108656
205557
289048
437011
221482
115740
282054
274894
392717
65741
26317
105851
26467
171332
46084
29421
91696
321288
537113
392443
196508
336447
490319
396489
214320
238343
306874
110141
135583
394377
170771
83583
271290
224337
233046
193246
32216
113422
246527
35012
213257
38379
33054
219456
248132
293177
215981
187221
299908
184245
191792
96643
65508
133414
166387
36673
186415
34434
31016
182980
367594
26804
201567
76267
137464
163202
46746
134674
200136
165282
544774
319750
498652
514414
150662
587994
289357
216126
321327
286465
380008
533675
314624
140367
371600
305295
854300
523080
419449
303852
484386
74583
291233
632129
472742
286436
159496
247612
75708
287234
139468
59791
77957
158191
160391
