775268
673474
782784
821320
875404
885160
975326
1126579
615768
1296686
738564
738312
956326
1027123
941415
823902
761151
598375
591664
744547
694392
587374
702933
913777
757179
824657
343570
600237
390004
193323
488001
274979
278739
562661
614352
653129
586465
470230
566945
504666
732954
631441
496374
37419
226513
806134
710403
816408
744369
860762
404125
131913
481348
451341
696933
647551
780327
738888
529689
720319
1154447
141376
480297
789731
770947
806171
469740
481044
554181
835925
406593
764129
705911
526785
567869
604282
451769
1393265
1166570
1430597
1106004
802144
127859
523511
607596
592274
197210
89524
532721
701913
824948
812234
148585
62209
53744
396667
947357
814312
950111
610459
850419
429188
659037
730088
853442
859376
980259
1034648
892180
756806
657693
632112
866421
781272
335783
836613
669212
491698
499991
930912
600757
714720
621284
531780
621772
673755
560751
924773
440985
835167
864720
1014139
319506
155977
135708
532567
779519
847778
964544
995998
1024803
1144666
388045
165267
1080964
873482
448292
605846
557223
421777
744613
854759
953090
1049589
856211
822900
940122
896799
898779
936507
831654
928484
117036
529376
543817
625153
798466
709089
643696
469050
451915
418415
335091
126787
668012
701850
826844
816978
809450
936894
899911
877467
213535
178283
621574
588709
722767
703158
636614
796936
871015
1114896
1178116
1134146
833318
1432220
1049002
895899
997513
1015764
1244858
641019
627623
1112569
1117234
1103672
577378
530165
915202
833226
965262
880716
1047006
1154155
1138811
1089966
1103251
1176187
810609
828925
1087588
891435
1051115
1253719
670326
826531
842773
828718
1094630
728497
791345
967301
965515
939884
1041732
1127754
1118859
847862
701014
1133954
1105260
641712
1176445
1329534
1312395
1234170
1043820
619259
45833
74326
175193
249783
242400
232760
276268
